08:39:03.751 [main                     ] DEBUG Logger               - Configured Logger
08:39:03.772 [main                     ] DEBUG GameApplication      - Logging settings
Title: Ocean Survival Roguelike
Version: 0.1
Width: 800
Height: 740
Fullscreen: false
Intro: false
Profiling: false
Single step:false
App Mode: DEVELOPER
Menu Key: ESCAPE
Stage Style: DECORATED
Scene Factory: class com.almasb.fxgl.app.scene.SceneFactory

08:39:05.809 [JavaFX Application Thread] DEBUG FXGLApplication      - Initializing FXGL
08:39:05.812 [JavaFX Application Thread] INFO  Engine               - FXGL-21.1 (27.03.2024 07.52) on WINDOWS (J:23.0.2 FX:21.0.1)
08:39:05.812 [JavaFX Application Thread] DEBUG Engine               - JRE Vendor Name: Oracle Corporation
08:39:05.812 [JavaFX Application Thread] DEBUG Engine               - Running on OS: Windows 11 version 10.0
08:39:05.812 [JavaFX Application Thread] DEBUG Engine               - Architecture: amd64
08:39:05.812 [JavaFX Application Thread] INFO  Engine               - Source code and latest versions at: https://github.com/AlmasB/FXGL
08:39:05.812 [JavaFX Application Thread] INFO  Engine               -       Ask questions and discuss at: https://github.com/AlmasB/FXGL/discussions
08:39:05.812 [JavaFX Application Thread] INFO  Engine               -              Join the FXGL chat at: https://gitter.im/AlmasB/FXGL
08:39:05.881 [JavaFX Application Thread] DEBUG PrimaryStageWindow   - Creating a JavaFX scene
08:39:05.930 [JavaFX Application Thread] DEBUG PrimaryStageWindow   - Target settings size: 800.0 x 740.0
08:39:05.930 [JavaFX Application Thread] DEBUG PrimaryStageWindow   - Scaled scene size:    800.0 x 740.0
08:39:05.930 [JavaFX Application Thread] DEBUG PrimaryStageWindow   - Scaled ratio: (1.0, 1.0)
08:39:05.930 [JavaFX Application Thread] DEBUG PrimaryStageWindow   - Set initial scene to FXGLStartupScene
08:39:05.933 [JavaFX Application Thread] DEBUG PrimaryStageWindow   - Opening main window
08:39:06.045 [JavaFX Application Thread] DEBUG PrimaryStageWindow   - Window border size: (16.0, 39.0)
08:39:06.045 [JavaFX Application Thread] DEBUG PrimaryStageWindow   - Scaled size: 800.0 x 740.0
08:39:06.045 [JavaFX Application Thread] DEBUG PrimaryStageWindow   - Scaled ratio: (1.0, 1.0)
08:39:06.045 [JavaFX Application Thread] DEBUG PrimaryStageWindow   - Scene size: 800.0 x 740.0
08:39:06.045 [JavaFX Application Thread] DEBUG PrimaryStageWindow   - Stage size: 816.0 x 779.0
08:39:06.051 [FXGL Background Thread 1 ] DEBUG Engine               - Initializing environment variables
08:39:06.095 [FXGL Background Thread 1 ] DEBUG FXGLAssetLoaderServi - User app class for loading assets: class org.bpm.wizardsurvival.demo.MainSceneApp
08:39:06.095 [FXGL Background Thread 1 ] DEBUG GameApplicationServi - Applying CSS: fxgl_dark.css
08:39:06.096 [FXGL Background Thread 1 ] DEBUG FXGLAssetLoaderServi - Loading from file system: jar:file:/C:/Users/denni/.m2/repository/com/github/almasb/fxgl/21.1/fxgl-21.1.jar!/fxglassets/ui/css/fxgl_dark.css
08:39:06.121 [FXGL Background Thread 1 ] DEBUG GameApplicationServi - Initializing application scenes
08:39:06.170 [FXGL Background Thread 1 ] DEBUG GameWorld            - Game world initialized
08:39:06.224 [FXGL Background Thread 1 ] DEBUG PhysicsWorld         - Physics world initialized: appHeight=740, physics.ppm=50.0
08:39:06.224 [FXGL Background Thread 1 ] DEBUG PhysicsWorld         - Using strategy: BRUTE_FORCE
08:39:06.227 [FXGL Background Thread 1 ] DEBUG GameScene            - Game scene initialized: 800x740
08:39:06.237 [FXGL Background Thread 1 ] DEBUG FXGL.DefaultMenu     - createMenuBodyGameMenu()
08:39:06.246 [FXGL Background Thread 1 ] DEBUG FXGL.DefaultMenu     - createOptionsMenu()
08:39:06.253 [FXGL Background Thread 1 ] DEBUG FXGLAssetLoaderServi - Loading from file system: jar:file:/C:/Users/denni/.m2/repository/com/github/almasb/fxgl/21.1/fxgl-21.1.jar!/fxglassets/textures/particles/smoke.png
08:39:06.325 [FXGL Background Thread 1 ] DEBUG FXGLAssetLoaderServi - Loading from file system: jar:file:/C:/Users/denni/.m2/repository/com/github/almasb/fxgl/21.1/fxgl-21.1.jar!/fxglassets/textures/particles/trace_horizontal.png
08:39:06.342 [FXGL Background Thread 1 ] DEBUG GameApplicationServi - Application scenes initialized
08:39:06.351 [FXGL Background Thread 1 ] DEBUG SystemBundleService  - Loading FXGL system data
08:39:06.353 [FXGL Background Thread 1 ] DEBUG FileSystemAccess     - Reading from: C:\Users\denni\Desktop\galor\wizraft\system\fxgl.bundle
08:39:06.357 [FXGL Background Thread 1 ] DEBUG SystemBundleService  - Bundle FXGL: {}
08:39:06.357 [FXGL Background Thread 1 ] DEBUG UpdaterService       - Checking for updates
08:39:06.360 [FXGL Background Thread 4 ] DEBUG FXGLApplication      - Loading fonts
08:39:06.361 [FXGL Background Thread 4 ] DEBUG FXGLAssetLoaderServi - Loading from file system: jar:file:/C:/Users/denni/.m2/repository/com/github/almasb/fxgl/21.1/fxgl-21.1.jar!/fxglassets/ui/fonts/VarelaRound-Regular.ttf
08:39:06.362 [FXGL Background Thread 1 ] DEBUG FXGLApplication      - Loading default localization
08:39:06.363 [FXGL Background Thread 1 ] DEBUG FXGLAssetLoaderServi - Loading from file system: jar:file:/C:/Users/denni/.m2/repository/com/github/almasb/fxgl/21.1/fxgl-21.1.jar!/fxglassets/languages/english.lang
08:39:06.397 [FXGL Background Thread 4 ] DEBUG FXGLAssetLoaderServi - Loading from file system: jar:file:/C:/Users/denni/.m2/repository/com/github/almasb/fxgl/21.1/fxgl-21.1.jar!/fxglassets/ui/fonts/Abel-Regular.ttf
08:39:06.402 [FXGL Background Thread 1 ] INFO  FXGLApplication      - FXGL initialization took: 0.352 sec
08:39:06.404 [FXGL Background Thread 4 ] DEBUG FXGLAssetLoaderServi - Loading from file system: jar:file:/C:/Users/denni/.m2/repository/com/github/almasb/fxgl/21.1/fxgl-21.1.jar!/fxglassets/ui/fonts/TerminalLandMono-Regular.otf
08:39:06.410 [FXGL Background Thread 4 ] DEBUG FXGLAssetLoaderServi - Loading from file system: jar:file:/C:/Users/denni/.m2/repository/com/github/almasb/fxgl/21.1/fxgl-21.1.jar!/fxglassets/ui/fonts/Courier-Prime.ttf
08:39:06.410 [JavaFX Application Thread] DEBUG Input                - Registered new binding: Move Up - W
08:39:06.410 [JavaFX Application Thread] DEBUG Input                - Registered new binding: Move Down - S
08:39:06.410 [JavaFX Application Thread] DEBUG Input                - Registered new binding: Move Left - A
08:39:06.411 [JavaFX Application Thread] DEBUG Input                - Registered new binding: Move Right - D
08:39:06.411 [JavaFX Application Thread] DEBUG Input                - Registered new binding: Rest - Space
08:39:06.411 [JavaFX Application Thread] DEBUG Input                - Registered new binding: Build - B
08:39:06.411 [JavaFX Application Thread] DEBUG Input                - Registered new binding: Fish - F
08:39:06.411 [JavaFX Application Thread] DEBUG Input                - Registered new binding: Collect Water - C
08:39:06.412 [JavaFX Application Thread] DEBUG FXGLAssetLoaderServi - Loading from file system: jar:file:/C:/Users/denni/.m2/repository/com/github/almasb/fxgl/21.1/fxgl-21.1.jar!/fxglassets/textures/fxgl_icon.png
08:39:06.424 [JavaFX Application Thread] DEBUG FXGLAssetLoaderServi - Loading from file system: jar:file:/C:/Users/denni/.m2/repository/com/github/almasb/fxgl/21.1/fxgl-21.1.jar!/fxglassets/textures/fxgl_default_cursor.png
08:39:06.426 [JavaFX Application Thread] DEBUG Input                - Registered new binding: Screenshot - CTRL+8
08:39:06.427 [JavaFX Application Thread] DEBUG Input                - Registered new binding: System info dump - CTRL+9
08:39:06.427 [JavaFX Application Thread] DEBUG Input                - Registered new binding: Restart - CTRL+R
08:39:06.428 [JavaFX Application Thread] DEBUG Input                - Registered new binding: Toggle Debug Camera - CTRL+7
08:39:06.430 [JavaFX Application Thread] DEBUG LoopRunner           - Starting loop
08:39:06.430 [JavaFX Application Thread] DEBUG LoopRunner           - Initializing JavaFX AnimationTimerLoop
08:39:06.432 [JavaFX Application Thread] DEBUG GameApplicationServi - Starting new game
08:39:06.433 [JavaFX Application Thread] DEBUG Input                - Clearing active input actions
08:39:06.444 [JavaFX Application Thread] DEBUG GameApplicationServi - Removing overlay from FXGLStartupScene and adding to FXGLLoadingScene
08:39:06.444 [JavaFX Application Thread] DEBUG PrimaryStageWindow   - FXGLStartupScene -> FXGLLoadingScene
08:39:06.444 [JavaFX Application Thread] DEBUG GameApplicationServi - Clearing previous game
08:39:06.444 [JavaFX Application Thread] DEBUG GameScene            - Clearing game scene
08:39:06.444 [JavaFX Application Thread] DEBUG GameWorld            - Clearing game world
08:39:06.444 [JavaFX Application Thread] DEBUG PhysicsWorld         - Clearing physics world
08:39:06.447 [JavaFX Application Thread] DEBUG FXGLApplication      - Registering font factories with UI factory
08:39:06.493 [JavaFX Application Thread] DEBUG LoopRunner           - Stopping loop
08:39:06.496 [JavaFX Application Thread] FATAL FXGLApplication      - Uncaught Exception:
java.lang.RuntimeException: Initialization failed
	at com.almasb.fxgl.app.FXGLApplication$InitAppTask.failed(FXGLApplication.kt:347)
	at javafx.concurrent.Task.setState(Task.java:710)
	at javafx.concurrent.Task$TaskCallable.lambda$call$2(Task.java:1429)
	at com.sun.javafx.application.PlatformImpl.lambda$runLater$10(PlatformImpl.java:456)
	at java.base/java.security.AccessController.doPrivileged(AccessController.java:400)
	at com.sun.javafx.application.PlatformImpl.lambda$runLater$11(PlatformImpl.java:455)
	at com.sun.glass.ui.InvokeLaterDispatcher$Future.run(InvokeLaterDispatcher.java:95)
	at com.sun.glass.ui.win.WinApplication._runLoop(Native Method)
	at com.sun.glass.ui.win.WinApplication.lambda$runLoop$3(WinApplication.java:185)
	at java.base/java.lang.Thread.run(Thread.java:1575)
Caused by: java.lang.IllegalAccessException: class com.almasb.fxgl.core.reflect.ReflectionUtils cannot access a member of class org.bpm.wizardsurvival.demo.OceanGameFactory with modifiers "public"
	at java.base/jdk.internal.reflect.Reflection.newIllegalAccessException(Reflection.java:398)
	at java.base/java.lang.reflect.AccessibleObject.checkAccess(AccessibleObject.java:709)
	at java.base/java.lang.reflect.Method.invoke(Method.java:571)
	at com.almasb.fxgl.core.reflect.ReflectionUtils.call(ReflectionUtils.java:104)
	at com.almasb.fxgl.core.reflect.ReflectionUtils.lambda$mapToFunction$3(ReflectionUtils.java:111)
	at com.almasb.fxgl.entity.GameWorld$create$2.invoke(GameWorld.kt:428)
	at com.almasb.fxgl.entity.GameWorld$create$2.invoke(GameWorld.kt:428)
	at com.almasb.fxgl.core.util.DSLKt.tryCatchRoot(DSL.kt:34)
	at com.almasb.fxgl.entity.GameWorld.create(GameWorld.kt:428)
	at com.almasb.fxgl.entity.GameWorld.spawn(GameWorld.kt:396)
	at com.almasb.fxgl.dsl.FXGL$Companion.spawn(FXGL.kt:574)
	at com.almasb.fxgl.dsl.FXGL.spawn(FXGL.kt)
	at org.bpm.wizardsurvival.demo.MainSceneApp.spawnWaterTile(MainSceneApp.java:112)
	at org.bpm.wizardsurvival.demo.MainSceneApp.initializeGrid(MainSceneApp.java:77)
	at org.bpm.wizardsurvival.demo.MainSceneApp.initGame(MainSceneApp.java:67)
	at com.almasb.fxgl.app.FXGLApplication$InitAppTask.initGame(FXGLApplication.kt:343)
	at com.almasb.fxgl.app.FXGLApplication$InitAppTask.call(FXGLApplication.kt:321)
	at com.almasb.fxgl.app.FXGLApplication$InitAppTask.call(FXGLApplication.kt:313)
	at javafx.concurrent.Task$TaskCallable.call(Task.java:1399)
	at java.base/java.util.concurrent.FutureTask.run(FutureTask.java:317)
	at java.base/java.util.concurrent.Executors$RunnableAdapter.call(Executors.java:572)
	at java.base/java.util.concurrent.FutureTask.run(FutureTask.java:317)
	at java.base/java.util.concurrent.ThreadPoolExecutor.runWorker(ThreadPoolExecutor.java:1144)
	at java.base/java.util.concurrent.ThreadPoolExecutor$Worker.run(ThreadPoolExecutor.java:642)
	... 1 more

08:39:06.496 [JavaFX Application Thread] FATAL FXGLApplication      - Application will now exit
08:39:06.520 [JavaFX Application Thread] DEBUG PrimaryStageWindow   - Push state: ErrorSubScene
08:39:06.521 [JavaFX Application Thread] DEBUG Input                - Clearing active input actions
08:39:06.528 [JavaFX Application Thread] DEBUG GameApplicationServi - Removing overlay from FXGLLoadingScene and adding to ErrorSubScene
08:39:06.528 [JavaFX Application Thread] DEBUG PrimaryStageWindow   - FXGLLoadingScene -> ErrorSubScene
08:39:09.360 [FXGL Background Thread 3 ] DEBUG Engine               - Logging environment variables
08:39:09.360 [FXGL Background Thread 3 ] DEBUG Engine               - achievements: []
08:39:09.360 [FXGL Background Thread 3 ] DEBUG Engine               - actualHeight: 740.0
08:39:09.360 [FXGL Background Thread 3 ] DEBUG Engine               - actualHeightProperty: ReadOnlyDoubleProperty [value: 740.0]
08:39:09.360 [FXGL Background Thread 3 ] DEBUG Engine               - actualWidth: 800.0
08:39:09.360 [FXGL Background Thread 3 ] DEBUG Engine               - actualWidthProperty: ReadOnlyDoubleProperty [value: 800.0]
08:39:09.360 [FXGL Background Thread 3 ] DEBUG Engine               - appIcon: fxgl_icon.png
08:39:09.360 [FXGL Background Thread 3 ] DEBUG Engine               - applicationMode: DEVELOPER
08:39:09.360 [FXGL Background Thread 3 ] DEBUG Engine               - cSSList: [fxgl_dark.css]
08:39:09.360 [FXGL Background Thread 3 ] DEBUG Engine               - collisionDetectionStrategy: BRUTE_FORCE
08:39:09.360 [FXGL Background Thread 3 ] DEBUG Engine               - configClass: Optional.empty
08:39:09.360 [FXGL Background Thread 3 ] DEBUG Engine               - credits: []
08:39:09.361 [FXGL Background Thread 3 ] DEBUG Engine               - defaultCursor: CursorInfo(imageName=fxgl_default_cursor.png, hotspotX=7.0, hotspotY=6.0)
08:39:09.361 [FXGL Background Thread 3 ] DEBUG Engine               - devBBoxColorProperty: ObjectProperty [value: 0xff0000ff]
08:39:09.361 [FXGL Background Thread 3 ] DEBUG Engine               - devEnableDebugCameraProperty: BooleanProperty [value: false]
08:39:09.361 [FXGL Background Thread 3 ] DEBUG Engine               - devSensorColorProperty: ObjectProperty [value: 0xffff00ff]
08:39:09.361 [FXGL Background Thread 3 ] DEBUG Engine               - devShowBBoxProperty: BooleanProperty [value: false]
08:39:09.361 [FXGL Background Thread 3 ] DEBUG Engine               - devShowPositionProperty: BooleanProperty [value: false]
08:39:09.361 [FXGL Background Thread 3 ] DEBUG Engine               - enabledMenuItems: []
08:39:09.361 [FXGL Background Thread 3 ] DEBUG Engine               - engineServices: [class com.almasb.fxgl.app.services.FXGLAssetLoaderService, class com.almasb.fxgl.app.FXGLApplication$GameApplicationService, class com.almasb.fxgl.app.services.FXGLDialogService, class com.almasb.fxgl.app.services.IOTaskExecutorService, class com.almasb.fxgl.io.FileSystemService, class com.almasb.fxgl.localization.LocalizationService, class com.almasb.fxgl.app.services.SystemBundleService, class com.almasb.fxgl.profile.SaveLoadService, class com.almasb.fxgl.ui.FXGLUIFactoryServiceProvider, class com.almasb.fxgl.ui.FXGLDialogFactoryServiceProvider, class com.almasb.fxgl.audio.AudioPlayer, class com.almasb.fxgl.notification.impl.NotificationServiceProvider, class com.almasb.fxgl.achievement.AchievementService, class com.almasb.fxgl.cutscene.CutsceneService, class com.almasb.fxgl.minigames.MiniGameService, class com.almasb.fxgl.net.NetService, class com.almasb.fxgl.app.services.UpdaterService, class com.almasb.fxgl.dev.DevService]
08:39:09.361 [FXGL Background Thread 3 ] DEBUG Engine               - fontGame: Abel-Regular.ttf
08:39:09.361 [FXGL Background Thread 3 ] DEBUG Engine               - fontMono: TerminalLandMono-Regular.otf
08:39:09.361 [FXGL Background Thread 3 ] DEBUG Engine               - fontSizeScaleUI: 1.0
08:39:09.361 [FXGL Background Thread 3 ] DEBUG Engine               - fontText: Courier-Prime.ttf
08:39:09.361 [FXGL Background Thread 3 ] DEBUG Engine               - fontUI: VarelaRound-Regular.ttf
08:39:09.361 [FXGL Background Thread 3 ] DEBUG Engine               - fullScreen: BooleanProperty [value: false]
08:39:09.361 [FXGL Background Thread 3 ] DEBUG Engine               - gameDifficulty: MEDIUM
08:39:09.361 [FXGL Background Thread 3 ] DEBUG Engine               - gameDifficultyProperty: ObjectProperty [value: MEDIUM]
08:39:09.361 [FXGL Background Thread 3 ] DEBUG Engine               - globalMusicVolume: 0.5
08:39:09.361 [FXGL Background Thread 3 ] DEBUG Engine               - globalMusicVolumeProperty: DoubleProperty [value: 0.5]
08:39:09.361 [FXGL Background Thread 3 ] DEBUG Engine               - globalSoundVolume: 0.5
08:39:09.361 [FXGL Background Thread 3 ] DEBUG Engine               - globalSoundVolumeProperty: DoubleProperty [value: 0.5]
08:39:09.361 [FXGL Background Thread 3 ] DEBUG Engine               - height: 740
08:39:09.361 [FXGL Background Thread 3 ] DEBUG Engine               - is3D: false
08:39:09.361 [FXGL Background Thread 3 ] DEBUG Engine               - isAndroid: false
08:39:09.361 [FXGL Background Thread 3 ] DEBUG Engine               - isBrowser: false
08:39:09.361 [FXGL Background Thread 3 ] DEBUG Engine               - isClickFeedbackEnabled: false
08:39:09.361 [FXGL Background Thread 3 ] DEBUG Engine               - isCloseConfirmation: false
08:39:09.361 [FXGL Background Thread 3 ] DEBUG Engine               - isDesktop: true
08:39:09.361 [FXGL Background Thread 3 ] DEBUG Engine               - isDeveloperMenuEnabled: false
08:39:09.361 [FXGL Background Thread 3 ] DEBUG Engine               - isEmbedded: false
08:39:09.361 [FXGL Background Thread 3 ] DEBUG Engine               - isEntityPreloadEnabled: true
08:39:09.362 [FXGL Background Thread 3 ] DEBUG Engine               - isExperimentalTiledLargeMap: false
08:39:09.362 [FXGL Background Thread 3 ] DEBUG Engine               - isFileSystemWriteAllowed: true
08:39:09.362 [FXGL Background Thread 3 ] DEBUG Engine               - isFullScreenAllowed: false
08:39:09.362 [FXGL Background Thread 3 ] DEBUG Engine               - isFullScreenFromStart: false
08:39:09.362 [FXGL Background Thread 3 ] DEBUG Engine               - isGameMenuEnabled: true
08:39:09.362 [FXGL Background Thread 3 ] DEBUG Engine               - isIOS: false
08:39:09.362 [FXGL Background Thread 3 ] DEBUG Engine               - isIntroEnabled: false
08:39:09.362 [FXGL Background Thread 3 ] DEBUG Engine               - isLinux: false
08:39:09.362 [FXGL Background Thread 3 ] DEBUG Engine               - isMac: false
08:39:09.362 [FXGL Background Thread 3 ] DEBUG Engine               - isMainMenuEnabled: false
08:39:09.362 [FXGL Background Thread 3 ] DEBUG Engine               - isManualResizeEnabled: false
08:39:09.362 [FXGL Background Thread 3 ] DEBUG Engine               - isMobile: false
08:39:09.362 [FXGL Background Thread 3 ] DEBUG Engine               - isNative: false
08:39:09.362 [FXGL Background Thread 3 ] DEBUG Engine               - isPauseMusicWhenMinimized: true
08:39:09.362 [FXGL Background Thread 3 ] DEBUG Engine               - isPreserveResizeRatio: false
08:39:09.362 [FXGL Background Thread 3 ] DEBUG Engine               - isProfilingEnabled: false
08:39:09.362 [FXGL Background Thread 3 ] DEBUG Engine               - isScaleAffectedOnResize: true
08:39:09.362 [FXGL Background Thread 3 ] DEBUG Engine               - isSingleStep: false
08:39:09.362 [FXGL Background Thread 3 ] DEBUG Engine               - isUserProfileEnabled: false
08:39:09.362 [FXGL Background Thread 3 ] DEBUG Engine               - isWindows: true
08:39:09.362 [FXGL Background Thread 3 ] DEBUG Engine               - language: ObjectProperty [value: ENGLISH]
08:39:09.362 [FXGL Background Thread 3 ] DEBUG Engine               - menuKey: ESCAPE
08:39:09.362 [FXGL Background Thread 3 ] DEBUG Engine               - mouseSensitivity: 0.2
08:39:09.362 [FXGL Background Thread 3 ] DEBUG Engine               - notificationViewClass: class com.almasb.fxgl.notification.view.XboxNotificationView
08:39:09.362 [FXGL Background Thread 3 ] DEBUG Engine               - pixelsPerMeter: 50.0
08:39:09.362 [FXGL Background Thread 3 ] DEBUG Engine               - platform: WINDOWS
08:39:09.362 [FXGL Background Thread 3 ] DEBUG Engine               - prefHeightProperty: ReadOnlyDoubleProperty [value: 740.0]
08:39:09.362 [FXGL Background Thread 3 ] DEBUG Engine               - prefWidthProperty: ReadOnlyDoubleProperty [value: 800.0]
08:39:09.362 [FXGL Background Thread 3 ] DEBUG Engine               - profileDir: profiles/
08:39:09.362 [FXGL Background Thread 3 ] DEBUG Engine               - profileName: StringProperty [value: DEFAULT]
08:39:09.362 [FXGL Background Thread 3 ] DEBUG Engine               - randomSeed: -1
08:39:09.362 [FXGL Background Thread 3 ] DEBUG Engine               - runtimeInfo: RuntimeInfo(platform=WINDOWS, version=21.1, build=27.03.2024 07.52)
08:39:09.362 [FXGL Background Thread 3 ] DEBUG Engine               - saveFileExt: sav
08:39:09.362 [FXGL Background Thread 3 ] DEBUG Engine               - scaledHeightProp$fxgl: DoubleProperty [bound, value: 740.0]
08:39:09.362 [FXGL Background Thread 3 ] DEBUG Engine               - scaledWidthProp$fxgl: DoubleProperty [bound, value: 800.0]
08:39:09.362 [FXGL Background Thread 3 ] DEBUG Engine               - sceneFactory: com.almasb.fxgl.app.scene.SceneFactory@3aedcaf
08:39:09.362 [FXGL Background Thread 3 ] DEBUG Engine               - secondsIn24h: 60
08:39:09.362 [FXGL Background Thread 3 ] DEBUG Engine               - soundMenuBack: menu/back.wav
08:39:09.362 [FXGL Background Thread 3 ] DEBUG Engine               - soundMenuPress: menu/press.wav
08:39:09.362 [FXGL Background Thread 3 ] DEBUG Engine               - soundMenuSelect: menu/select.wav
08:39:09.362 [FXGL Background Thread 3 ] DEBUG Engine               - soundNotification: core/notification.wav
08:39:09.362 [FXGL Background Thread 3 ] DEBUG Engine               - stageStyle: DECORATED
08:39:09.363 [FXGL Background Thread 3 ] DEBUG Engine               - supportedLanguages: [ENGLISH, FRENCH, GERMAN, HUNGARIAN, RUSSIAN]
08:39:09.363 [FXGL Background Thread 3 ] DEBUG Engine               - ticksPerSecond: -1
08:39:09.363 [FXGL Background Thread 3 ] DEBUG Engine               - title: Ocean Survival Roguelike
08:39:09.363 [FXGL Background Thread 3 ] DEBUG Engine               - urlGithub: https://github.com/AlmasB/FXGL
08:39:09.363 [FXGL Background Thread 3 ] DEBUG Engine               - urlLeaderboard: http://fxgl-top.herokuapp.com/
08:39:09.363 [FXGL Background Thread 3 ] DEBUG Engine               - urlPOM: https://raw.githubusercontent.com/AlmasB/FXGL/release/README.md
08:39:09.363 [FXGL Background Thread 3 ] DEBUG Engine               - userAppClass: class org.bpm.wizardsurvival.demo.MainSceneApp
08:39:09.363 [FXGL Background Thread 3 ] DEBUG Engine               - version: 0.1
08:39:09.363 [FXGL Background Thread 3 ] DEBUG Engine               - versionCheckDays: 7
08:39:09.363 [FXGL Background Thread 3 ] DEBUG Engine               - width: 800
08:39:09.363 [FXGL Background Thread 3 ] DEBUG Engine               - Logging services
08:39:09.363 [FXGL Background Thread 3 ] DEBUG Engine               - class com.almasb.fxgl.app.services.FXGLAssetLoaderService
08:39:09.363 [FXGL Background Thread 3 ] DEBUG Engine               - class com.almasb.fxgl.app.FXGLApplication$GameApplicationService
08:39:09.363 [FXGL Background Thread 3 ] DEBUG Engine               - class com.almasb.fxgl.app.services.FXGLDialogService
08:39:09.363 [FXGL Background Thread 3 ] DEBUG Engine               - class com.almasb.fxgl.app.services.IOTaskExecutorService
08:39:09.363 [FXGL Background Thread 3 ] DEBUG Engine               - class com.almasb.fxgl.io.FileSystemService
08:39:09.363 [FXGL Background Thread 3 ] DEBUG Engine               - class com.almasb.fxgl.localization.LocalizationService
08:39:09.363 [FXGL Background Thread 3 ] DEBUG Engine               - class com.almasb.fxgl.app.services.SystemBundleService
08:39:09.363 [FXGL Background Thread 3 ] DEBUG Engine               - class com.almasb.fxgl.profile.SaveLoadService
08:39:09.363 [FXGL Background Thread 3 ] DEBUG Engine               - class com.almasb.fxgl.ui.FXGLUIFactoryServiceProvider
08:39:09.363 [FXGL Background Thread 3 ] DEBUG Engine               - class com.almasb.fxgl.ui.FXGLDialogFactoryServiceProvider
08:39:09.363 [FXGL Background Thread 3 ] DEBUG Engine               - class com.almasb.fxgl.audio.AudioPlayer
08:39:09.363 [FXGL Background Thread 3 ] DEBUG Engine               - class com.almasb.fxgl.notification.impl.NotificationServiceProvider
08:39:09.363 [FXGL Background Thread 3 ] DEBUG Engine               - class com.almasb.fxgl.achievement.AchievementService
08:39:09.363 [FXGL Background Thread 3 ] DEBUG Engine               - class com.almasb.fxgl.cutscene.CutsceneService
08:39:09.363 [FXGL Background Thread 3 ] DEBUG Engine               - class com.almasb.fxgl.minigames.MiniGameService
08:39:09.363 [FXGL Background Thread 3 ] DEBUG Engine               - class com.almasb.fxgl.net.NetService
08:39:09.363 [FXGL Background Thread 3 ] DEBUG Engine               - class com.almasb.fxgl.app.services.UpdaterService
08:39:09.363 [FXGL Background Thread 3 ] DEBUG Engine               - class com.almasb.fxgl.dev.DevService
08:39:10.139 [JavaFX Application Thread] DEBUG FXGLApplication      - Exiting FXGL
08:39:10.139 [JavaFX Application Thread] DEBUG Async                - Shutting down background threads
08:39:10.139 [JavaFX Application Thread] DEBUG PrimaryStageWindow   - Closing main window
08:39:10.171 [JavaFX Application Thread] DEBUG Logger               - Closing Logger
