08:40:54.151 [main                     ] DEBUG Logger               - Configured Logger
08:40:54.168 [main                     ] DEBUG GameApplication      - Logging settings
Title: Ocean Survival Roguelike
Version: 0.1
Width: 800
Height: 740
Fullscreen: false
Intro: false
Profiling: false
Single step:false
App Mode: DEVELOPER
Menu Key: ESCAPE
Stage Style: DECORATED
Scene Factory: class com.almasb.fxgl.app.scene.SceneFactory

08:40:54.433 [JavaFX Application Thread] DEBUG FXGLApplication      - Initializing FXGL
08:40:54.435 [JavaFX Application Thread] INFO  Engine               - FXGL-21.1 (27.03.2024 07.52) on WINDOWS (J:23.0.2 FX:21.0.1)
08:40:54.435 [JavaFX Application Thread] DEBUG Engine               - JRE Vendor Name: Oracle Corporation
08:40:54.436 [JavaFX Application Thread] DEBUG Engine               - Running on OS: Windows 11 version 10.0
08:40:54.436 [JavaFX Application Thread] DEBUG Engine               - Architecture: amd64
08:40:54.436 [JavaFX Application Thread] INFO  Engine               - Source code and latest versions at: https://github.com/AlmasB/FXGL
08:40:54.436 [JavaFX Application Thread] INFO  Engine               -       Ask questions and discuss at: https://github.com/AlmasB/FXGL/discussions
08:40:54.436 [JavaFX Application Thread] INFO  Engine               -              Join the FXGL chat at: https://gitter.im/AlmasB/FXGL
08:40:54.498 [JavaFX Application Thread] DEBUG PrimaryStageWindow   - Creating a JavaFX scene
08:40:54.527 [JavaFX Application Thread] DEBUG PrimaryStageWindow   - Target settings size: 800.0 x 740.0
08:40:54.527 [JavaFX Application Thread] DEBUG PrimaryStageWindow   - Scaled scene size:    800.0 x 740.0
08:40:54.527 [JavaFX Application Thread] DEBUG PrimaryStageWindow   - Scaled ratio: (1.0, 1.0)
08:40:54.528 [JavaFX Application Thread] DEBUG PrimaryStageWindow   - Set initial scene to FXGLStartupScene
08:40:54.530 [JavaFX Application Thread] DEBUG PrimaryStageWindow   - Opening main window
08:40:54.589 [JavaFX Application Thread] DEBUG PrimaryStageWindow   - Window border size: (16.0, 39.0)
08:40:54.589 [JavaFX Application Thread] DEBUG PrimaryStageWindow   - Scaled size: 800.0 x 740.0
08:40:54.590 [JavaFX Application Thread] DEBUG PrimaryStageWindow   - Scaled ratio: (1.0, 1.0)
08:40:54.590 [JavaFX Application Thread] DEBUG PrimaryStageWindow   - Scene size: 800.0 x 740.0
08:40:54.590 [JavaFX Application Thread] DEBUG PrimaryStageWindow   - Stage size: 816.0 x 779.0
08:40:54.595 [FXGL Background Thread 1 ] DEBUG Engine               - Initializing environment variables
08:40:54.646 [FXGL Background Thread 1 ] DEBUG FXGLAssetLoaderServi - User app class for loading assets: class org.bpm.wizardsurvival.demo.MainSceneApp
08:40:54.646 [FXGL Background Thread 1 ] DEBUG GameApplicationServi - Applying CSS: fxgl_dark.css
08:40:54.647 [FXGL Background Thread 1 ] DEBUG FXGLAssetLoaderServi - Loading from file system: jar:file:/C:/Users/denni/.m2/repository/com/github/almasb/fxgl/21.1/fxgl-21.1.jar!/fxglassets/ui/css/fxgl_dark.css
08:40:54.676 [FXGL Background Thread 1 ] DEBUG GameApplicationServi - Initializing application scenes
08:40:54.716 [FXGL Background Thread 1 ] DEBUG GameWorld            - Game world initialized
08:40:54.775 [FXGL Background Thread 1 ] DEBUG PhysicsWorld         - Physics world initialized: appHeight=740, physics.ppm=50.0
08:40:54.775 [FXGL Background Thread 1 ] DEBUG PhysicsWorld         - Using strategy: BRUTE_FORCE
08:40:54.778 [FXGL Background Thread 1 ] DEBUG GameScene            - Game scene initialized: 800x740
08:40:54.786 [FXGL Background Thread 1 ] DEBUG FXGL.DefaultMenu     - createMenuBodyGameMenu()
08:40:54.794 [FXGL Background Thread 1 ] DEBUG FXGL.DefaultMenu     - createOptionsMenu()
08:40:54.801 [FXGL Background Thread 1 ] DEBUG FXGLAssetLoaderServi - Loading from file system: jar:file:/C:/Users/denni/.m2/repository/com/github/almasb/fxgl/21.1/fxgl-21.1.jar!/fxglassets/textures/particles/smoke.png
08:40:54.871 [FXGL Background Thread 1 ] DEBUG FXGLAssetLoaderServi - Loading from file system: jar:file:/C:/Users/denni/.m2/repository/com/github/almasb/fxgl/21.1/fxgl-21.1.jar!/fxglassets/textures/particles/trace_horizontal.png
08:40:54.888 [FXGL Background Thread 1 ] DEBUG GameApplicationServi - Application scenes initialized
08:40:54.897 [FXGL Background Thread 1 ] DEBUG SystemBundleService  - Loading FXGL system data
08:40:54.900 [FXGL Background Thread 1 ] DEBUG FileSystemAccess     - Reading from: C:\Users\denni\Desktop\galor\wizraft\system\fxgl.bundle
08:40:54.903 [FXGL Background Thread 1 ] DEBUG SystemBundleService  - Bundle FXGL: {}
08:40:54.903 [FXGL Background Thread 1 ] DEBUG UpdaterService       - Checking for updates
08:40:54.906 [FXGL Background Thread 4 ] DEBUG FXGLApplication      - Loading fonts
08:40:54.907 [FXGL Background Thread 4 ] DEBUG FXGLAssetLoaderServi - Loading from file system: jar:file:/C:/Users/denni/.m2/repository/com/github/almasb/fxgl/21.1/fxgl-21.1.jar!/fxglassets/ui/fonts/VarelaRound-Regular.ttf
08:40:54.907 [FXGL Background Thread 1 ] DEBUG FXGLApplication      - Loading default localization
08:40:54.908 [FXGL Background Thread 1 ] DEBUG FXGLAssetLoaderServi - Loading from file system: jar:file:/C:/Users/denni/.m2/repository/com/github/almasb/fxgl/21.1/fxgl-21.1.jar!/fxglassets/languages/english.lang
08:40:54.947 [FXGL Background Thread 4 ] DEBUG FXGLAssetLoaderServi - Loading from file system: jar:file:/C:/Users/denni/.m2/repository/com/github/almasb/fxgl/21.1/fxgl-21.1.jar!/fxglassets/ui/fonts/Abel-Regular.ttf
08:40:54.950 [FXGL Background Thread 1 ] INFO  FXGLApplication      - FXGL initialization took: 0.355 sec
08:40:54.954 [FXGL Background Thread 4 ] DEBUG FXGLAssetLoaderServi - Loading from file system: jar:file:/C:/Users/denni/.m2/repository/com/github/almasb/fxgl/21.1/fxgl-21.1.jar!/fxglassets/ui/fonts/TerminalLandMono-Regular.otf
08:40:54.960 [FXGL Background Thread 4 ] DEBUG FXGLAssetLoaderServi - Loading from file system: jar:file:/C:/Users/denni/.m2/repository/com/github/almasb/fxgl/21.1/fxgl-21.1.jar!/fxglassets/ui/fonts/Courier-Prime.ttf
08:40:54.961 [JavaFX Application Thread] DEBUG Input                - Registered new binding: Move Up - W
08:40:54.961 [JavaFX Application Thread] DEBUG Input                - Registered new binding: Move Down - S
08:40:54.961 [JavaFX Application Thread] DEBUG Input                - Registered new binding: Move Left - A
08:40:54.962 [JavaFX Application Thread] DEBUG Input                - Registered new binding: Move Right - D
08:40:54.962 [JavaFX Application Thread] DEBUG Input                - Registered new binding: Rest - Space
08:40:54.962 [JavaFX Application Thread] DEBUG Input                - Registered new binding: Build - B
08:40:54.963 [JavaFX Application Thread] DEBUG Input                - Registered new binding: Fish - F
08:40:54.963 [JavaFX Application Thread] DEBUG Input                - Registered new binding: Collect Water - C
08:40:54.963 [JavaFX Application Thread] DEBUG FXGLAssetLoaderServi - Loading from file system: jar:file:/C:/Users/denni/.m2/repository/com/github/almasb/fxgl/21.1/fxgl-21.1.jar!/fxglassets/textures/fxgl_icon.png
08:40:54.979 [JavaFX Application Thread] DEBUG FXGLAssetLoaderServi - Loading from file system: jar:file:/C:/Users/denni/.m2/repository/com/github/almasb/fxgl/21.1/fxgl-21.1.jar!/fxglassets/textures/fxgl_default_cursor.png
08:40:54.983 [JavaFX Application Thread] DEBUG Input                - Registered new binding: Screenshot - CTRL+8
08:40:54.983 [JavaFX Application Thread] DEBUG Input                - Registered new binding: System info dump - CTRL+9
08:40:54.984 [JavaFX Application Thread] DEBUG Input                - Registered new binding: Restart - CTRL+R
08:40:54.986 [JavaFX Application Thread] DEBUG Input                - Registered new binding: Toggle Debug Camera - CTRL+7
08:40:54.992 [JavaFX Application Thread] DEBUG LoopRunner           - Starting loop
08:40:54.992 [JavaFX Application Thread] DEBUG LoopRunner           - Initializing JavaFX AnimationTimerLoop
08:40:54.996 [JavaFX Application Thread] DEBUG GameApplicationServi - Starting new game
08:40:54.997 [JavaFX Application Thread] DEBUG Input                - Clearing active input actions
08:40:55.009 [JavaFX Application Thread] DEBUG GameApplicationServi - Removing overlay from FXGLStartupScene and adding to FXGLLoadingScene
08:40:55.009 [JavaFX Application Thread] DEBUG PrimaryStageWindow   - FXGLStartupScene -> FXGLLoadingScene
08:40:55.009 [JavaFX Application Thread] DEBUG GameApplicationServi - Clearing previous game
08:40:55.009 [JavaFX Application Thread] DEBUG GameScene            - Clearing game scene
08:40:55.009 [JavaFX Application Thread] DEBUG GameWorld            - Clearing game world
08:40:55.009 [JavaFX Application Thread] DEBUG PhysicsWorld         - Clearing physics world
08:40:55.011 [FXGL Background Thread 4 ] DEBUG FXGLApplication      - Initializing game
08:40:55.011 [JavaFX Application Thread] DEBUG FXGLApplication      - Registering font factories with UI factory
08:40:55.058 [JavaFX Application Thread] DEBUG LoopRunner           - Stopping loop
08:40:55.060 [JavaFX Application Thread] FATAL FXGLApplication      - Uncaught Exception:
java.lang.RuntimeException: Initialization failed
	at com.almasb.fxgl.app.FXGLApplication$InitAppTask.failed(FXGLApplication.kt:347)
	at javafx.concurrent.Task.setState(Task.java:710)
	at javafx.concurrent.Task$TaskCallable.lambda$call$2(Task.java:1429)
	at com.sun.javafx.application.PlatformImpl.lambda$runLater$10(PlatformImpl.java:456)
	at java.base/java.security.AccessController.doPrivileged(AccessController.java:400)
	at com.sun.javafx.application.PlatformImpl.lambda$runLater$11(PlatformImpl.java:455)
	at com.sun.glass.ui.InvokeLaterDispatcher$Future.run(InvokeLaterDispatcher.java:95)
	at com.sun.glass.ui.win.WinApplication._runLoop(Native Method)
	at com.sun.glass.ui.win.WinApplication.lambda$runLoop$3(WinApplication.java:185)
	at java.base/java.lang.Thread.run(Thread.java:1575)
Caused by: java.lang.IllegalAccessException: class com.almasb.fxgl.core.reflect.ReflectionUtils cannot access a member of class org.bpm.wizardsurvival.demo.OceanGameFactory with modifiers "public"
	at java.base/jdk.internal.reflect.Reflection.newIllegalAccessException(Reflection.java:398)
	at java.base/java.lang.reflect.AccessibleObject.checkAccess(AccessibleObject.java:709)
	at java.base/java.lang.reflect.Method.invoke(Method.java:571)
	at com.almasb.fxgl.core.reflect.ReflectionUtils.call(ReflectionUtils.java:104)
	at com.almasb.fxgl.core.reflect.ReflectionUtils.lambda$mapToFunction$3(ReflectionUtils.java:111)
	at com.almasb.fxgl.entity.GameWorld$create$2.invoke(GameWorld.kt:428)
	at com.almasb.fxgl.entity.GameWorld$create$2.invoke(GameWorld.kt:428)
	at com.almasb.fxgl.core.util.DSLKt.tryCatchRoot(DSL.kt:34)
	at com.almasb.fxgl.entity.GameWorld.create(GameWorld.kt:428)
	at com.almasb.fxgl.entity.GameWorld.spawn(GameWorld.kt:396)
	at com.almasb.fxgl.dsl.FXGL$Companion.spawn(FXGL.kt:574)
	at com.almasb.fxgl.dsl.FXGL.spawn(FXGL.kt)
	at org.bpm.wizardsurvival.demo.MainSceneApp.spawnWaterTile(MainSceneApp.java:112)
	at org.bpm.wizardsurvival.demo.MainSceneApp.initializeGrid(MainSceneApp.java:77)
	at org.bpm.wizardsurvival.demo.MainSceneApp.initGame(MainSceneApp.java:67)
	at com.almasb.fxgl.app.FXGLApplication$InitAppTask.initGame(FXGLApplication.kt:343)
	at com.almasb.fxgl.app.FXGLApplication$InitAppTask.call(FXGLApplication.kt:321)
	at com.almasb.fxgl.app.FXGLApplication$InitAppTask.call(FXGLApplication.kt:313)
	at javafx.concurrent.Task$TaskCallable.call(Task.java:1399)
	at java.base/java.util.concurrent.FutureTask.run(FutureTask.java:317)
	at java.base/java.util.concurrent.Executors$RunnableAdapter.call(Executors.java:572)
	at java.base/java.util.concurrent.FutureTask.run(FutureTask.java:317)
	at java.base/java.util.concurrent.ThreadPoolExecutor.runWorker(ThreadPoolExecutor.java:1144)
	at java.base/java.util.concurrent.ThreadPoolExecutor$Worker.run(ThreadPoolExecutor.java:642)
	... 1 more

08:40:55.060 [JavaFX Application Thread] FATAL FXGLApplication      - Application will now exit
08:40:55.076 [JavaFX Application Thread] DEBUG PrimaryStageWindow   - Push state: ErrorSubScene
08:40:55.076 [JavaFX Application Thread] DEBUG Input                - Clearing active input actions
08:40:55.085 [JavaFX Application Thread] DEBUG GameApplicationServi - Removing overlay from FXGLLoadingScene and adding to ErrorSubScene
08:40:55.086 [JavaFX Application Thread] DEBUG PrimaryStageWindow   - FXGLLoadingScene -> ErrorSubScene
08:40:57.070 [JavaFX Application Thread] DEBUG FXGLApplication      - Exiting FXGL
08:40:57.070 [JavaFX Application Thread] DEBUG Async                - Shutting down background threads
08:40:57.070 [JavaFX Application Thread] DEBUG PrimaryStageWindow   - Closing main window
08:40:57.091 [JavaFX Application Thread] DEBUG Logger               - Closing Logger
