17:39:12.003 [main                     ] DEBUG Logger               - Configured Logger
17:39:12.022 [main                     ] DEBUG GameApplication      - Logging settings
Title: Basic Game App
Version: 0.1
Width: 600
Height: 600
Fullscreen: false
Intro: false
Profiling: false
Single step:false
App Mode: DEVELOPER
Menu Key: ESCAPE
Stage Style: DECORATED
Scene Factory: class com.almasb.fxgl.app.scene.SceneFactory

17:39:12.296 [JavaFX Application Thread] DEBUG FXGLApplication      - Initializing FXGL
17:39:12.299 [JavaFX Application Thread] INFO  Engine               - FXGL-21.1 (27.03.2024 07.52) on WINDOWS (J:23.0.2 FX:21.0.1)
17:39:12.300 [JavaFX Application Thread] DEBUG Engine               - JRE Vendor Name: Oracle Corporation
17:39:12.300 [JavaFX Application Thread] DEBUG Engine               - Running on OS: Windows 11 version 10.0
17:39:12.300 [JavaFX Application Thread] DEBUG Engine               - Architecture: amd64
17:39:12.300 [JavaFX Application Thread] INFO  Engine               - Source code and latest versions at: https://github.com/AlmasB/FXGL
17:39:12.300 [JavaFX Application Thread] INFO  Engine               -       Ask questions and discuss at: https://github.com/AlmasB/FXGL/discussions
17:39:12.300 [JavaFX Application Thread] INFO  Engine               -              Join the FXGL chat at: https://gitter.im/AlmasB/FXGL
17:39:12.363 [JavaFX Application Thread] DEBUG PrimaryStageWindow   - Creating a JavaFX scene
17:39:12.394 [JavaFX Application Thread] DEBUG PrimaryStageWindow   - Target settings size: 600.0 x 600.0
17:39:12.394 [JavaFX Application Thread] DEBUG PrimaryStageWindow   - Scaled scene size:    600.0 x 600.0
17:39:12.394 [JavaFX Application Thread] DEBUG PrimaryStageWindow   - Scaled ratio: (1.0, 1.0)
17:39:12.395 [JavaFX Application Thread] DEBUG PrimaryStageWindow   - Set initial scene to FXGLStartupScene
17:39:12.397 [JavaFX Application Thread] DEBUG PrimaryStageWindow   - Opening main window
17:39:12.457 [JavaFX Application Thread] DEBUG PrimaryStageWindow   - Window border size: (16.0, 39.0)
17:39:12.457 [JavaFX Application Thread] DEBUG PrimaryStageWindow   - Scaled size: 600.0 x 600.0
17:39:12.457 [JavaFX Application Thread] DEBUG PrimaryStageWindow   - Scaled ratio: (1.0, 1.0)
17:39:12.458 [JavaFX Application Thread] DEBUG PrimaryStageWindow   - Scene size: 600.0 x 600.0
17:39:12.458 [JavaFX Application Thread] DEBUG PrimaryStageWindow   - Stage size: 616.0 x 639.0
17:39:12.462 [FXGL Background Thread 1 ] DEBUG Engine               - Initializing environment variables
17:39:12.511 [FXGL Background Thread 1 ] DEBUG FXGLAssetLoaderServi - User app class for loading assets: class org.bpm.wizardsurvival.WizardSurvivalGame
17:39:12.511 [FXGL Background Thread 1 ] DEBUG GameApplicationServi - Applying CSS: fxgl_dark.css
17:39:12.512 [FXGL Background Thread 1 ] DEBUG FXGLAssetLoaderServi - Loading from file system: jar:file:/C:/Users/denni/.m2/repository/com/github/almasb/fxgl/21.1/fxgl-21.1.jar!/fxglassets/ui/css/fxgl_dark.css
17:39:12.537 [FXGL Background Thread 1 ] DEBUG GameApplicationServi - Initializing application scenes
17:39:12.584 [FXGL Background Thread 1 ] DEBUG GameWorld            - Game world initialized
17:39:12.651 [FXGL Background Thread 1 ] DEBUG PhysicsWorld         - Physics world initialized: appHeight=600, physics.ppm=50.0
17:39:12.651 [FXGL Background Thread 1 ] DEBUG PhysicsWorld         - Using strategy: BRUTE_FORCE
17:39:12.654 [FXGL Background Thread 1 ] DEBUG GameScene            - Game scene initialized: 600x600
17:39:12.663 [FXGL Background Thread 1 ] WARN  FXGL.DefaultMenu     - FXGLDefaultMenu is not designed for resolutions < 800x600
17:39:12.663 [FXGL Background Thread 1 ] DEBUG FXGL.DefaultMenu     - createMenuBodyGameMenu()
17:39:12.674 [FXGL Background Thread 1 ] DEBUG FXGL.DefaultMenu     - createOptionsMenu()
17:39:12.680 [FXGL Background Thread 1 ] DEBUG FXGLAssetLoaderServi - Loading from file system: jar:file:/C:/Users/denni/.m2/repository/com/github/almasb/fxgl/21.1/fxgl-21.1.jar!/fxglassets/textures/particles/smoke.png
17:39:12.757 [FXGL Background Thread 1 ] DEBUG FXGLAssetLoaderServi - Loading from file system: jar:file:/C:/Users/denni/.m2/repository/com/github/almasb/fxgl/21.1/fxgl-21.1.jar!/fxglassets/textures/particles/trace_horizontal.png
17:39:12.775 [FXGL Background Thread 1 ] DEBUG GameApplicationServi - Application scenes initialized
17:39:12.784 [FXGL Background Thread 1 ] DEBUG SystemBundleService  - Loading FXGL system data
17:39:12.787 [FXGL Background Thread 1 ] DEBUG FileSystemAccess     - Reading from: C:\Users\denni\Desktop\galor\wizraft\system\fxgl.bundle
17:39:12.791 [FXGL Background Thread 1 ] DEBUG SystemBundleService  - Bundle FXGL: {}
17:39:12.791 [FXGL Background Thread 1 ] DEBUG UpdaterService       - Checking for updates
17:39:12.794 [FXGL Background Thread 4 ] DEBUG FXGLApplication      - Loading fonts
17:39:12.794 [FXGL Background Thread 1 ] DEBUG FXGLApplication      - Loading default localization
17:39:12.794 [FXGL Background Thread 4 ] DEBUG FXGLAssetLoaderServi - Loading from file system: jar:file:/C:/Users/denni/.m2/repository/com/github/almasb/fxgl/21.1/fxgl-21.1.jar!/fxglassets/ui/fonts/VarelaRound-Regular.ttf
17:39:12.795 [FXGL Background Thread 1 ] DEBUG FXGLAssetLoaderServi - Loading from file system: jar:file:/C:/Users/denni/.m2/repository/com/github/almasb/fxgl/21.1/fxgl-21.1.jar!/fxglassets/languages/english.lang
17:39:12.839 [FXGL Background Thread 4 ] DEBUG FXGLAssetLoaderServi - Loading from file system: jar:file:/C:/Users/denni/.m2/repository/com/github/almasb/fxgl/21.1/fxgl-21.1.jar!/fxglassets/ui/fonts/Abel-Regular.ttf
17:39:12.847 [FXGL Background Thread 4 ] DEBUG FXGLAssetLoaderServi - Loading from file system: jar:file:/C:/Users/denni/.m2/repository/com/github/almasb/fxgl/21.1/fxgl-21.1.jar!/fxglassets/ui/fonts/TerminalLandMono-Regular.otf
17:39:12.847 [FXGL Background Thread 1 ] INFO  FXGLApplication      - FXGL initialization took: 0.385 sec
17:39:12.854 [FXGL Background Thread 4 ] DEBUG FXGLAssetLoaderServi - Loading from file system: jar:file:/C:/Users/denni/.m2/repository/com/github/almasb/fxgl/21.1/fxgl-21.1.jar!/fxglassets/ui/fonts/Courier-Prime.ttf
17:39:12.862 [JavaFX Application Thread] DEBUG Input                - Registered new binding: action0 - D
17:39:12.862 [JavaFX Application Thread] DEBUG Input                - Registered new binding: action1 - A
17:39:12.863 [JavaFX Application Thread] DEBUG Input                - Registered new binding: action2 - W
17:39:12.864 [JavaFX Application Thread] DEBUG Input                - Registered new binding: action3 - S
17:39:12.864 [JavaFX Application Thread] DEBUG Input                - Registered new binding: action4 - F
17:39:12.865 [JavaFX Application Thread] DEBUG FXGLAssetLoaderServi - Loading from file system: jar:file:/C:/Users/denni/.m2/repository/com/github/almasb/fxgl/21.1/fxgl-21.1.jar!/fxglassets/textures/fxgl_icon.png
17:39:12.885 [JavaFX Application Thread] DEBUG FXGLAssetLoaderServi - Loading from file system: jar:file:/C:/Users/denni/.m2/repository/com/github/almasb/fxgl/21.1/fxgl-21.1.jar!/fxglassets/textures/fxgl_default_cursor.png
17:39:12.888 [JavaFX Application Thread] DEBUG Input                - Registered new binding: Screenshot - CTRL+8
17:39:12.889 [JavaFX Application Thread] DEBUG Input                - Registered new binding: System info dump - CTRL+9
17:39:12.890 [JavaFX Application Thread] DEBUG Input                - Registered new binding: Restart - CTRL+R
17:39:12.891 [JavaFX Application Thread] DEBUG Input                - Registered new binding: Toggle Debug Camera - CTRL+7
17:39:12.895 [JavaFX Application Thread] DEBUG LoopRunner           - Starting loop
17:39:12.895 [JavaFX Application Thread] DEBUG LoopRunner           - Initializing JavaFX AnimationTimerLoop
17:39:12.899 [JavaFX Application Thread] DEBUG GameApplicationServi - Starting new game
17:39:12.900 [JavaFX Application Thread] DEBUG Input                - Clearing active input actions
17:39:12.912 [JavaFX Application Thread] DEBUG GameApplicationServi - Removing overlay from FXGLStartupScene and adding to FXGLLoadingScene
17:39:12.912 [JavaFX Application Thread] DEBUG PrimaryStageWindow   - FXGLStartupScene -> FXGLLoadingScene
17:39:12.912 [JavaFX Application Thread] DEBUG GameApplicationServi - Clearing previous game
17:39:12.912 [JavaFX Application Thread] DEBUG GameScene            - Clearing game scene
17:39:12.912 [JavaFX Application Thread] DEBUG GameWorld            - Clearing game world
17:39:12.912 [JavaFX Application Thread] DEBUG PhysicsWorld         - Clearing physics world
17:39:12.915 [FXGL Background Thread 4 ] DEBUG FXGLApplication      - Initializing game
17:39:12.915 [JavaFX Application Thread] DEBUG FXGLApplication      - Registering font factories with UI factory
17:39:12.923 [FXGL Background Thread 4 ] DEBUG FXGLAssetLoaderServi - Loading from file system: file:/C:/Users/denni/Desktop/galor/wizraft/target/classes/assets/textures/brick.png
17:39:12.942 [FXGL Background Thread 4 ] INFO  FXGLApplication      - Game initialization took: 0.027 sec
17:39:12.965 [JavaFX Application Thread] DEBUG Input                - Clearing active input actions
17:39:12.972 [JavaFX Application Thread] DEBUG GameApplicationServi - Removing overlay from FXGLLoadingScene and adding to GameScene
17:39:12.973 [JavaFX Application Thread] DEBUG PrimaryStageWindow   - FXGLLoadingScene -> GameScene
17:39:15.229 [JavaFX Application Thread] DEBUG FXGLApplication      - Exiting FXGL
17:39:15.229 [JavaFX Application Thread] DEBUG LoopRunner           - Stopping loop
17:39:15.229 [JavaFX Application Thread] DEBUG SystemBundleService  - Saving FXGL system data
17:39:15.234 [JavaFX Application Thread] DEBUG FileSystemAccess     - Writing to: C:\Users\denni\Desktop\galor\wizraft\system\fxgl.bundle
17:39:15.235 [JavaFX Application Thread] DEBUG Async                - Shutting down background threads
17:39:15.236 [JavaFX Application Thread] DEBUG PrimaryStageWindow   - Closing main window
17:39:15.260 [JavaFX Application Thread] DEBUG Logger               - Closing Logger
